<?xml version="1.0" encoding="UTF-8"?>
<testng-results skipped="0" failed="0" ignored="0" total="1" passed="1">
  <reporter-output>
  </reporter-output>
  <suite name="Default suite" duration-ms="203366" started-at="2022-01-20T00:54:27 CET" finished-at="2022-01-20T00:57:50 CET">
    <groups>
    </groups>
    <test name="Default test" duration-ms="203366" started-at="2022-01-20T00:54:27 CET" finished-at="2022-01-20T00:57:50 CET">
      <class name="TestCases.LoginTest">
        <test-method status="PASS" signature="setUp()[pri:0, instance:TestCases.LoginTest@86be70a]" name="setUp" is-config="true" duration-ms="34503" started-at="2022-01-20T00:54:27 CET" finished-at="2022-01-20T00:55:01 CET">
          <reporter-output>
          </reporter-output>
        </test-method> <!-- setUp -->
        <test-method status="PASS" signature="createGroupPoll()[pri:0, instance:TestCases.LoginTest@86be70a]" name="createGroupPoll" duration-ms="167922" started-at="2022-01-20T00:55:01 CET" finished-at="2022-01-20T00:57:49 CET">
          <reporter-output>
          </reporter-output>
        </test-method> <!-- createGroupPoll -->
        <test-method status="PASS" signature="afterSuite()[pri:0, instance:TestCases.LoginTest@86be70a]" name="afterSuite" is-config="true" duration-ms="917" started-at="2022-01-20T00:57:49 CET" finished-at="2022-01-20T00:57:50 CET">
          <reporter-output>
          </reporter-output>
        </test-method> <!-- afterSuite -->
      </class> <!-- TestCases.LoginTest -->
    </test> <!-- Default test -->
  </suite> <!-- Default suite -->
</testng-results>
